========================================================================= 
Log Path: log_file.log 
Working Directory: /mnt/STORE1/bighome/samuelgamboa/Projects/bergeys.webscraper/misc 
User Name: samuelgamboa 
R Version: 4.3.2 (2023-10-31) 
Machine: supermicro x86_64 
Operating System: Linux 5.4.0-150-generic #167-Ubuntu SMP Mon May 15 17:35:05 UTC 2023 
Base Packages: stats graphics grDevices utils datasets methods base Other Packages: readr_2.1.4 logr_1.3.4 dplyr_1.1.3 purrr_1.0.2 stringr_1.5.0 rvest_1.0.3 
Log Start Time: 2023-11-09 22:13:49.401516 
========================================================================= 
Number of links: 1373 

Got Acidobacterium† - Number 1. 
Got Edaphobacter † - Number 2. 
Got Terriglobus † - Number 3. 
Got Acanthopleuribacter † - Number 4. 
Got Geothrix † - Number 5. 
Got Holophaga † - Number 6. 
Got Acidimicrobium † - Number 7. 
Got Ferrimicrobium † - Number 8. 
Got Ferrithrix † - Number 9. 
Got Iamia † - Number 10. 
Got Actinobaculum † - Number 11. 
Got Actinomyces † - Number 12. 
Got Arcanobacterium † - Number 13. 
Got Mobiluncus † - Number 14. 
Got Varibaculum † - Number 15. 
Got Actinopolyspora † - Number 16. 
Got Aeriscardovia † - Number 17. 
Got Alloscardovia † - Number 18. 
Got Bifidobacterium † - Number 19. 
Got Gardnerella † - Number 20. 
Got Metascardovia † - Number 21. 
Got Parascardovia † - Number 22. 
Got Scardovia † - Number 23. 
Got Actinospica † - Number 24. 
Got Catenulispora † - Number 25. 
Got Corynebacterium† - Number 26. 
Got Turicella † - Number 27. 
Got Dietzia † - Number 28. 
Got Mycobacterium † - Number 29. 
Got Gordonia † - Number 30. 
Got Millisia † - Number 31. 
Got Nocardia † - Number 32. 
Got Rhodococcus † - Number 33. 
Got Skermania † - Number 34. 
Got Smaragdicoccus † - Number 35. 
Got Williamsia † - Number 36. 
Got Segniliparus † - Number 37. 
Got Tsukamurella † - Number 38. 
Got Acidothermus † - Number 39. 
Got Cryptosporangium † - Number 40. 
Got Fodinicola † - Number 41. 
Got Frankia † - Number 42. 
Got Blastococcus † - Number 43. 
Got Geodermatophilus † - Number 44. 
Got Modestobacter † - Number 45. 
Got Humicoccus † - Number 46. 
Got Nakamurella † - Number 47. 
Got Sporichthya † - Number 48. 
Got Glycomyces † - Number 49. 
Got Stackebrandtia † - Number 50. 
Got Haloactinopolyspora † - Number 51. 
Got Jiangella † - Number 52. 
Got Kineococcus † - Number 53. 
Got Kineosporia † - Number 54. 
Got Quadrisphaera † - Number 55. 
Got Beutenbergia † - Number 56. 
Got Miniimonas † - Number 57. 
Got Salana † - Number 58. 
Got Serinibacter † - Number 59. 
Got Bogoriella † - Number 60. 
Got Georgenia † - Number 61. 
Got Brevibacterium † - Number 62. 
Got Cellulomonas † - Number 63. 
Got Oerskovia † - Number 64. 
Got Tropheryma † - Number 65. 
Got Incertae sedis Actinotalea † - Number 66. 
Got Incertae sedis Demequina † - Number 67. 
Got Brachybacterium † - Number 68. 
Got Dermabacter † - Number 69. 
Got Demetria † - Number 70. 
Got Dermacoccus † - Number 71. 
Got Kytococcus † - Number 72. 
Got Dermatophilus † - Number 73. 
Got Kineosphaera † - Number 74. 
Got Arsenicicoccus † - Number 75. 
Got Humihabitans † - Number 76. 
Got Intrasporangium † - Number 77. 
Got Janibacter † - Number 78. 
Got Knoellia † - Number 79. 
Got Kribbia † - Number 80. 
Got Lapillicoccus † - Number 81. 
Got Ornithinicoccus † - Number 82. 
Got Ornithinimicrobium † - Number 83. 
Got Oryzihumus † - Number 84. 
Got Phycicoccus † - Number 85. 
Got Serinicoccus † - Number 86. 
Got Terrabacter † - Number 87. 
Got Terracoccus † - Number 88. 
Got Tetrasphaera † - Number 89. 
Got Jonesia † - Number 90. 
Got Agreia † - Number 91. 
Got Agrococcus † - Number 92. 
Got Agromyces † - Number 93. 
Got Clavibacter † - Number 94. 
Got Cryobacterium † - Number 95. 
Got Curtobacterium † - Number 96. 
Got Frigoribacterium † - Number 97. 
Got Frondihabitans † - Number 98. 
Got Gulosibacter † - Number 99. 
Got Humibacter † - Number 100. 
Got Labedella † - Number 101. 
Got Leifsonia † - Number 102. 
Got Leucobacter † - Number 103. 
Got Microbacterium † - Number 104. 
Got Microcella † - Number 105. 
Got Microterricola † - Number 106. 
Got Mycetocola † - Number 107. 
Got Okibacterium † - Number 108. 
Got Phycicola † - Number 109. 
Got Plantibacter † - Number 110. 
Got Pseudoclavibacter † - Number 111. 
Got Rathayibacter † - Number 112. 
Got Rhodoglobus † - Number 113. 
Got Salinibacterium † - Number 114. 
Got Subtercola † - Number 115. 
Got Yonghaparkia † - Number 116. 
Got Acaricomes † - Number 117. 
Got Arthrobacter† - Number 118. 
Got Citricoccus † - Number 119. 
Got Kocuria † - Number 120. 
Got Micrococcus † - Number 121. 
Got Nesterenkonia † - Number 122. 
Got Renibacterium † - Number 123. 
Got Rothia † - Number 124. 
Got Yaniella † - Number 125. 
Got Zhihengliuella † - Number 126. 
Got Cellulosimicrobium † - Number 127. 
Got Isoptericola † - Number 128. 
Got Myceligenerans † - Number 129. 
Got Promicromonospora † - Number 130. 
Got Xylanibacterium † - Number 131. 
Got Xylanimicrobium † - Number 132. 
Got Xylanimonas † - Number 133. 
Got Rarobacter † - Number 134. 
Got Haloactinobacterium † - Number 135. 
Got Ruania † - Number 136. 
Got Sanguibacter † - Number 137. 
Got Actinocatenispora † - Number 138. 
Got Actinoplanes † - Number 139. 
Got Asanoa † - Number 140. 
Got Catellatospora † - Number 141. 
Got Catenuloplanes † - Number 142. 
Got Couchioplanes † - Number 143. 
Got Dactylosporangium † - Number 144. 
Got Krasilnikovia † - Number 145. 
Got Longispora † - Number 146. 
Got Luedemannella † - Number 147. 
Got Micromonospora † - Number 148. 
Got Pilimelia † - Number 149. 
Got Polymorphospora † - Number 150. 
Got Salinispora † - Number 151. 
Got Spirilliplanes † - Number 152. 
Got Verrucosispora † - Number 153. 
Got Virgisporangium † - Number 154. 
Got Actinopolymorpha † - Number 155. 
Got Aeromicrobium † - Number 156. 
Got Kribbella † - Number 157. 
Got Marmoricola † - Number 158. 
Got Nocardioides † - Number 159. 
Got Aestuariimicrobium † - Number 160. 
Got Brooklawnia † - Number 161. 
Got Friedmanniella † - Number 162. 
Got Granulicoccus † - Number 163. 
Got Luteococcus † - Number 164. 
Got Microlunatus † - Number 165. 
Got Micropruina † - Number 166. 
Got Propionibacterium † - Number 167. 
Got Propionicicella † - Number 168. 
Got Propionicimonas † - Number 169. 
Got Propioniferax † - Number 170. 
Got Propionimicrobium † - Number 171. 
Got Tessaracoccus † - Number 172. 
Got Actinoalloteichus † - Number 173. 
Got Actinokineospora † - Number 174. 
Got Actinosynnema † - Number 175. 
Got Amycolatopsis † - Number 176. 
Got Crossiella † - Number 177. 
Got Goodfellowiella † - Number 178. 
Got Kibdelosporangium † - Number 179. 
Got Kutzneria † - Number 180. 
Got Lechevalieria † - Number 181. 
Got Lentzea † - Number 182. 
Got Prauserella † - Number 183. 
Got Pseudonocardia † - Number 184. 
Got Saccharomonospora † - Number 185. 
Got Saccharopolyspora † - Number 186. 
Got Saccharothrix † - Number 187. 
Got Streptoalloteichus † - Number 188. 
Got Thermocrispum † - Number 189. 
Got Umezawaea † - Number 190. 
Got Streptomyces † - Number 191. 
Got incertae sedis I. Kitasatospora corrig † - Number 192. 
Got Incertae sedis II. Streptacidiphilus † - Number 193. 
Got Haloactinospora † - Number 194. 
Got Nocardiopsis † - Number 195. 
Got Streptomonospora † - Number 196. 
Got Thermobifida † - Number 197. 
Got Acrocarpospora † - Number 198. 
Got Herbidospora † - Number 199. 
Got Microbispora † - Number 200. 
Got Microtetraspora † - Number 201. 
Got Nonomuraea † - Number 202. 
Got Planobispora † - Number 203. 
Got Planomonospora † - Number 204. 
Got Planotetraspora † - Number 205. 
Got Sphaerisporangium † - Number 206. 
Got Streptosporangium † - Number 207. 
Got Thermopolyspora † - Number 208. 
Got Actinocorallia † - Number 209. 
Got Actinomadura † - Number 210. 
Got Spirillospora † - Number 211. 
Got Thermomonospora † - Number 212. 
Got Thermobispora † - Number 213. 
Got Atopobium † - Number 214. 
Got Collinsella † - Number 215. 
Got Coriobacterium † - Number 216. 
Got Cryptobacterium † - Number 217. 
Got Denitrobacterium † - Number 218. 
Got Eggerthella † - Number 219. 
Got Olsenella † - Number 220. 
Got Slackia † - Number 221. 
Got Euzebya † - Number 222. 
Got Nitriliruptor † - Number 223. 
Got Rubrobacter † - Number 224. 
Got Conexibacter † - Number 225. 
Got Patulibacter † - Number 226. 
Got Solirubrobacter † - Number 227. 
Got Thermoleophilum † - Number 228. 
Got Aquifex † - Number 229. 
Got Calderobacterium † - Number 230. 
Got Hydrogenobacter † - Number 231. 
Got Thermocrinis † - Number 232. 
Got Desulfurobacterium † - Number 233. 
Got Acetofilamentum † - Number 234. 
Got Acetomicrobium † - Number 235. 
Got Acetothermus † - Number 236. 
Got Anaerorhabdus † - Number 237. 
Got Bacteroides † - Number 238. 
Got Alkaliflexus † - Number 239. 
Got Anaerophaga † - Number 240. 
Got Marinilabilia † - Number 241. 
Got Barnesiella † - Number 242. 
Got Dysgonomonas † - Number 243. 
Got Paludibacter † - Number 244. 
Got Petrimonas † - Number 245. 
Got Porphyromonas † - Number 246. 
Got Proteiniphilum † - Number 247. 
Got Tannerella † - Number 248. 
Got Prevotella † - Number 249. 
Got Xylanibacter † - Number 250. 
Got Alistipes † - Number 251. 
Got Rikenella † - Number 252. 
Got Algoriphagus † - Number 253. 
Got Aquiflexum † - Number 254. 
Got Belliella † - Number 255. 
Got Cyclobacterium † - Number 256. 
Got Echinicola † - Number 257. 
Got Rhodonellum † - Number 258. 
Got Adhaeribacter † - Number 259. 
Got Arcicella † - Number 260. 
Got Cytophaga † - Number 261. 
Got Dyadobacter † - Number 262. 
Got Effluviibacter † - Number 263. 
Got Emticicia † - Number 264. 
Got Flectobacillus † - Number 265. 
Got Flexibacter † - Number 266. 
Got Hymenobacter † - Number 267. 
Got Larkinella † - Number 268. 
Got Leadbetterella † - Number 269. 
Got Meniscus † - Number 270. 
Got Microscilla † - Number 271. 
Got Pontibacter † - Number 272. 
Got Runella † - Number 273. 
Got Spirosoma † - Number 274. 
Got Sporocytophaga † - Number 275. 
Got Fabibacter † - Number 276. 
Got Flammeovirga † - Number 277. 
Got Flexithrix † - Number 278. 
Got Persicobacter † - Number 279. 
Got Reichenbachiella † - Number 280. 
Got Roseivirga † - Number 281. 
Got Rhodothermus † - Number 282. 
Got Salinibacter † - Number 283. 
Got Thermonema † - Number 284. 
Got Toxothrix † - Number 285. 
Got Blattabacterium † - Number 286. 
Got Brumimicrobium † - Number 287. 
Got Crocinitomix † - Number 288. 
Got Cryomorpha † - Number 289. 
Got Fluviicola † - Number 290. 
Got Lishizhenia † - Number 291. 
Got Owenweeksia † - Number 292. 
Got Aequorivita † - Number 293. 
Got Algibacter † - Number 294. 
Got Aquimarina † - Number 295. 
Got Arenibacter † - Number 296. 
Got Bergeyella † - Number 297. 
Got Bizionia † - Number 298. 
Got Capnocytophaga † - Number 299. 
Got Cellulophaga † - Number 300. 
Got Chryseobacterium † - Number 301. 
Got Cloacibacterium † - Number 302. 
Got Coenonia † - Number 303. 
Got Costertonia † - Number 304. 
Got Croceibacter † - Number 305. 
Got Dokdonia † - Number 306. 
Got Donghaeana † - Number 307. 
Got Elizabethkingia † - Number 308. 
Got Empedobacter † - Number 309. 
Got Epilithonimonas † - Number 310. 
Got Flaviramulus † - Number 311. 
Got Flavobacterium † - Number 312. 
Got Formosa † - Number 313. 
Got Gaetbulibacter † - Number 314. 
Got Gelidibacter † - Number 315. 
Got Gillisia † - Number 316. 
Got Gramella † - Number 317. 
Got Kaistella † - Number 318. 
Got Kordia † - Number 319. 
Got Krokinobacter † - Number 320. 
Got Lacinutrix † - Number 321. 
Got Leeuwenhoekiella † - Number 322. 
Got Lutibacter † - Number 323. 
Got Maribacter † - Number 324. 
Got Mariniflexile † - Number 325. 
Got Mesonia † - Number 326. 
Got Muricauda † - Number 327. 
Got Myroides † - Number 328. 
Got Nonlabens † - Number 329. 
Got Olleya † - Number 330. 
Got Ornithobacterium † - Number 331. 
Got Persicivirga † - Number 332. 
Got Polaribacter † - Number 333. 
Got Psychroflexus † - Number 334. 
Got Psychroserpens † - Number 335. 
Got Riemerella † - Number 336. 
Got Robiginitalea † - Number 337. 
Got Salegentibacter † - Number 338. 
Got Sandarakinotalea † - Number 339. 
Got Sediminicola † - Number 340. 
Got Sejongia † - Number 341. 
Got Stenothermobacter † - Number 342. 
Got Subsaxibacter † - Number 343. 
Got Subsaximicrobium † - Number 344. 
Got Tenacibaculum † - Number 345. 
Got Ulvibacter † - Number 346. 
Got Vitellibacter † - Number 347. 
Got Wautersiella † - Number 348. 
Got Weeksella † - Number 349. 
Got Winogradskyella † - Number 350. 
Got Yeosuana † - Number 351. 
Got Zhouia † - Number 352. 
Got Zobellia † - Number 353. 
Got Chitinophaga † - Number 354. 
Got Terrimonas † - Number 355. 
Got Aureispira † - Number 356. 
Got Haliscomenobacter † - Number 357. 
Got Lewinella † - Number 358. 
Got Saprospira † - Number 359. 
Got Pedobacter † - Number 360. 
Got Sphingobacterium † - Number 361. 
Got “Candidatus Clavichlamydia”† - Number 362. 
Got “Candidatus Piscichlamydia”† - Number 363. 
Got Chlamydia † - Number 364. 
Got Criblamydia † - Number 365. 
Got Neochlamydia † - Number 366. 
Got Parachlamydia † - Number 367. 
Got Protochlamydia † - Number 368. 
Got Rhabdochlamydia † - Number 369. 
Got “Candidatus Fritschea”† - Number 370. 
Got Simkania † - Number 371. 
Got Waddlia † - Number 372. 
Got Ancalochloris † - Number 373. 
Got Chlorobium † - Number 374. 
Got Chloroherpeton † - Number 375. 
Got Pelodictyon † - Number 376. 
Got Prosthecochloris † - Number 377. 
Got Green Sulfur Bacteria † - Number 378. 
Got Addendum to the Green Sulfur Bacteria Phototrophic green sulfur bacteria living in consortia with other microorganisms † - Number 379. 
Got Chloroflexus † - Number 380. 
Got Chloronema † - Number 381. 
Got Heliothrix † - Number 382. 
Got Oscillochloris † - Number 383. 
Got Herpetosiphon † - Number 384. 
Got Chrysiogenes † - Number 385. 
Got Aeropyrum † - Number 386. 
Got Desulfurococcus † - Number 387. 
Got Ignicoccus † - Number 388. 
Got Staphylothermus † - Number 389. 
Got Stetteria † - Number 390. 
Got Sulfophobococcus † - Number 391. 
Got Thermodiscus gen. nov. † - Number 392. 
Got Thermosphaera † - Number 393. 
Got Hyperthermus † - Number 394. 
Got Pyrodictium † - Number 395. 
Got Pyrolobus † - Number 396. 
Got Acidianus † - Number 397. 
Got Metallosphaera † - Number 398. 
Got Stygiolobus † - Number 399. 
Got Sulfolobus † - Number 400. 
Got Sulfurisphaera † - Number 401. 
Got Sulfurococcus † - Number 402. 
Got Thermofilum † - Number 403. 
Got Caldivirga † - Number 404. 
Got Pyrobaculum † - Number 405. 
Got Thermocladium † - Number 406. 
Got Thermoproteus † - Number 407. 
Got Subsection I † - Number 408. 
Got Form-Chamaesiphon † - Number 409. 
Got Form-Chroococcus † - Number 410. 
Got Form-Cyanobacterium † - Number 411. 
Got Form- Cyanobium † - Number 412. 
Got Form-Cyanothece † - Number 413. 
Got Form- Dactylococcopsis † - Number 414. 
Got Form- Gloeobacter † - Number 415. 
Got Form- Gloeocapsa † - Number 416. 
Got Form- Gloeothece † - Number 417. 
Got Form-Microcystis † - Number 418. 
Got Form- Prochlorococcus † - Number 419. 
Got Form- Prochloron † - Number 420. 
Got Form- Synechococcus † - Number 421. 
Got Form- Synechocystis † - Number 422. 
Got Subsection II † - Number 423. 
Got Form- Cyanocystis † - Number 424. 
Got Form- Dermocarpella † - Number 425. 
Got Form- Stanieria † - Number 426. 
Got Form- Xenococcus † - Number 427. 
Got Form- Chroococcidiopsis † - Number 428. 
Got Form- Myxosarcina † - Number 429. 
Got Pleurocapsa-group † - Number 430. 
Got Subsection III † - Number 431. 
Got Form- Arthrospira † - Number 432. 
Got Form- Borzia † - Number 433. 
Got Form- Crinalium † - Number 434. 
Got Form- Geitlerinema stat. nov. † - Number 435. 
Got Form- Leptolyngbya † - Number 436. 
Got Form- Limnothrix † - Number 437. 
Got Form- Lyngbya † - Number 438. 
Got Form- Microcoleus † - Number 439. 
Got Form- Oscillatoria † - Number 440. 
Got Form- Planktothrix † - Number 441. 
Got Form- Prochlorothrix † - Number 442. 
Got Form- Pseudanabaena † - Number 443. 
Got Form- Spirulina † - Number 444. 
Got Form- Starria † - Number 445. 
Got Form- Symploca † - Number 446. 
Got Form- Trichodesmium † - Number 447. 
Got Form- Tychonema † - Number 448. 
Got Subsection IV † - Number 449. 
Got Subsection IV.I † - Number 450. 
Got Form-Anabaena † - Number 451. 
Got Form-Anabaenopsis † - Number 452. 
Got Form-Aphanizomenon † - Number 453. 
Got Form-Cyanospira † - Number 454. 
Got Form-Cylindrospermopsis † - Number 455. 
Got Form-Cylindrospermum † - Number 456. 
Got Form-Nodularia † - Number 457. 
Got Form-Nostoc † - Number 458. 
Got Scytonema † - Number 459. 
Got Subsection IV.II † - Number 460. 
Got Form-Calothrix † - Number 461. 
Got Rivularia † - Number 462. 
Got Form- Tolypothrix † - Number 463. 
Got Subsection V † - Number 464. 
Got Form-Chlorogloeopsis † - Number 465. 
Got Form-Fischerella † - Number 466. 
Got Form-Geitleria † - Number 467. 
Got Form-Iyengariella † - Number 468. 
Got Form-Nostochopsis † - Number 469. 
Got Form-Stigonema † - Number 470. 
Got Deferribacter † - Number 471. 
Got Flexistipes † - Number 472. 
Got Geovibrio † - Number 473. 
Got Deinococcus † - Number 474. 
Got Meiothermus † - Number 475. 
Got Thermus † - Number 476. 
Got Dictyoglomus † - Number 477. 
Got Archaeoglobus † - Number 478. 
Got Ferroglobus † - Number 479. 
Got Haloarcula† - Number 480. 
Got Halobacterium † - Number 481. 
Got Halobaculum † - Number 482. 
Got Halococcus † - Number 483. 
Got Haloferax† - Number 484. 
Got Halogeometricum† - Number 485. 
Got Halorubrum † - Number 486. 
Got Haloterrigena† - Number 487. 
Got Natrialba† - Number 488. 
Got Natrinema† - Number 489. 
Got Natronobacterium† - Number 490. 
Got Natronococcus† - Number 491. 
Got Natronomonas † - Number 492. 
Got Natronorubrum† - Number 493. 
Got Methanobacterium † - Number 494. 
Got Methanobrevibacter † - Number 495. 
Got Methanosphaera † - Number 496. 
Got Methanothermobacter † - Number 497. 
Got Methanothermus † - Number 498. 
Got Methanocaldococcus gen. nov.† - Number 499. 
Got Methanotorris gen. nov. † - Number 500. 
Got Methanococcus † - Number 501. 
Got Methanothermococcus gen. nov. † - Number 502. 
Got Methanocorpusculum † - Number 503. 
Got Methanoculleus † - Number 504. 
Got Methanofollis † - Number 505. 
Got Methanogenium † - Number 506. 
Got Methanolacinia † - Number 507. 
Got Methanomicrobium † - Number 508. 
Got Methanoplanus † - Number 509. 
Got Methanospirillum † - Number 510. 
Got Incertae Sedis I. Methanocalculus † - Number 511. 
Got Methanosaeta † - Number 512. 
Got Methanococcoides † - Number 513. 
Got Methanohalobium † - Number 514. 
Got Methanohalophilus † - Number 515. 
Got Methanolobus † - Number 516. 
Got Methanosalsum gen. nov.† - Number 517. 
Got Methanosarcina † - Number 518. 
Got Methanopyrus † - Number 519. 
Got Pyrococcus † - Number 520. 
Got Thermococcus † - Number 521. 
Got Picrophilus † - Number 522. 
Got Thermoplasma † - Number 523. 
Got Fibrobacter † - Number 524. 
Got Alicyclobacillus † - Number 525. 
Got Alkalibacillus † - Number 526. 
Got Amphibacillus † - Number 527. 
Got Anoxybacillus † - Number 528. 
Got Bacillus † - Number 529. 
Got Cerasibacillus † - Number 530. 
Got Filobacillus † - Number 531. 
Got Geobacillus † - Number 532. 
Got Gracilibacillus † - Number 533. 
Got Halobacillus † - Number 534. 
Got Halolactibacillus † - Number 535. 
Got Lentibacillus † - Number 536. 
Got Marinococcus † - Number 537. 
Got Oceanobacillus † - Number 538. 
Got Paraliobacillus † - Number 539. 
Got Pontibacillus † - Number 540. 
Got Saccharococcus † - Number 541. 
Got Tenuibacillus † - Number 542. 
Got Thalassobacillus † - Number 543. 
Got Virgibacillus † - Number 544. 
Got Brochothrix † - Number 545. 
Got Listeria † - Number 546. 
Got Ammoniphilus † - Number 547. 
Got Aneurinibacillus † - Number 548. 
Got Brevibacillus † - Number 549. 
Got Cohnella † - Number 550. 
Got Oxalophagus † - Number 551. 
Got Paenibacillus † - Number 552. 
Got Thermobacillus † - Number 553. 
Got Pasteuria† - Number 554. 
Got Caryophanon † - Number 555. 
Got Filibacter † - Number 556. 
Got Jeotgalibacillus † - Number 557. 
Got Kurthia † - Number 558. 
Got Marinibacillus † - Number 559. 
Got Planococcus † - Number 560. 
Got Planomicrobium † - Number 561. 
Got Sporosarcina † - Number 562. 
Got Ureibacillus † - Number 563. 
Got Sporolactobacillus † - Number 564. 
Got Jeotigalicoccus † - Number 565. 
Got Macrococcus † - Number 566. 
Got Salinicoccus † - Number 567. 
Got Staphylococcus † - Number 568. 
Got Laceyella † - Number 569. 
Got Mechercharimyces † - Number 570. 
Got Planifilum † - Number 571. 
Got Seinonella † - Number 572. 
Got Shimazuella † - Number 573. 
Got Thermoactinomyces † - Number 574. 
Got Thermoflavimicrobium † - Number 575. 
Got Thermicanus † - Number 576. 
Got Gemella † - Number 577. 
Got Exiguobacterium † - Number 578. 
Got Abiotrophia † - Number 579. 
Got Aerococcus † - Number 580. 
Got Dolosicoccus † - Number 581. 
Got Eremococcus † - Number 582. 
Got Facklamia † - Number 583. 
Got Globicatella † - Number 584. 
Got Ignavigranum † - Number 585. 
Got Alkalibacterium † - Number 586. 
Got Allofustis † - Number 587. 
Got Alloiococcus † - Number 588. 
Got Atopobacter † - Number 589. 
Got Atopococcus † - Number 590. 
Got Atopostipes † - Number 591. 
Got Carnobacterium † - Number 592. 
Got Desemzia † - Number 593. 
Got Dolosigranulum † - Number 594. 
Got Granulicatella † - Number 595. 
Got Isobaculum † - Number 596. 
Got Marinilactibacillus † - Number 597. 
Got Trichococcus † - Number 598. 
Got Enterococcus † - Number 599. 
Got Melissococcus † - Number 600. 
Got Tetragenococcus † - Number 601. 
Got Vagococcus † - Number 602. 
Got Lactobacillus † - Number 603. 
Got Paralactobacillus † - Number 604. 
Got Pediococcus † - Number 605. 
Got Leuconostoc † - Number 606. 
Got Oenococcus † - Number 607. 
Got Weissella † - Number 608. 
Got Lactococcus † - Number 609. 
Got Lactovum † - Number 610. 
Got Streptococcus † - Number 611. 
Got Alkaliphilus † - Number 612. 
Got Anaerobacter † - Number 613. 
Got Anoxynatronum † - Number 614. 
Got Caloramator † - Number 615. 
Got Caloranaerobacter † - Number 616. 
Got Caminicella † - Number 617. 
Got Clostridium† - Number 618. 
Got Natronincola † - Number 619. 
Got Oxobacter † - Number 620. 
Got Sarcina † - Number 621. 
Got Thermobrachium † - Number 622. 
Got Thermohalobacter † - Number 623. 
Got Tindallia † - Number 624. 
Got Acetobacterium † - Number 625. 
Got Alkalibacter † - Number 626. 
Got Anaerofustis † - Number 627. 
Got Eubacterium † - Number 628. 
Got Garciella † - Number 629. 
Got Pseudoramibacter † - Number 630. 
Got Gracilibacter † - Number 631. 
Got Heliobacillus † - Number 632. 
Got Heliobacterium † - Number 633. 
Got Heliophilum † - Number 634. 
Got Heliorestis † - Number 635. 
Got Acetitomaculum † - Number 636. 
Got Anaerostipes † - Number 637. 
Got Bryantella † - Number 638. 
Got Butyrivibrio † - Number 639. 
Got Catonella † - Number 640. 
Got Coprococcus † - Number 641. 
Got Dorea † - Number 642. 
Got Hespellia † - Number 643. 
Got Johnsonella † - Number 644. 
Got Lachnobacterium † - Number 645. 
Got Lachnospira † - Number 646. 
Got Moryella † - Number 647. 
Got Oribacterium † - Number 648. 
Got Parasporobacterium † - Number 649. 
Got Pseudobutyrivibrio † - Number 650. 
Got Roseburia † - Number 651. 
Got Shuttleworthia † - Number 652. 
Got Sporobacterium † - Number 653. 
Got Syntrophococcus † - Number 654. 
Got Cryptanaerobacter † - Number 655. 
Got Dehalobacter † - Number 656. 
Got Desulfitobacterium † - Number 657. 
Got Desulfonispora † - Number 658. 
Got Desulfosporosinus † - Number 659. 
Got Desulfotomaculum † - Number 660. 
Got Pelotomaculum † - Number 661. 
Got Peptococcus † - Number 662. 
Got Sporotomaculum † - Number 663. 
Got Syntrophobotulus † - Number 664. 
Got Thermincola † - Number 665. 
Got Filifactor † - Number 666. 
Got Peptostreptococcus † - Number 667. 
Got Tepidibacter † - Number 668. 
Got Acetanaerobacterium † - Number 669. 
Got Acetivibrio † - Number 670. 
Got Anaerofilum † - Number 671. 
Got Anaerotruncus † - Number 672. 
Got Faecalibacterium † - Number 673. 
Got Fastidiosipila † - Number 674. 
Got Oscillospira † - Number 675. 
Got Papillibacter † - Number 676. 
Got Ruminococcus † - Number 677. 
Got Sporobacter † - Number 678. 
Got Subdoligranulum † - Number 679. 
Got Pelospora † - Number 680. 
Got Syntrophomonas † - Number 681. 
Got Syntrophospora † - Number 682. 
Got Syntrophothermus † - Number 683. 
Got Thermosyntropha † - Number 684. 
Got Acetonema † - Number 685. 
Got Acidaminococcus † - Number 686. 
Got Allisonella † - Number 687. 
Got Anaeroarcus † - Number 688. 
Got Anaeroglobus † - Number 689. 
Got Anaeromusa † - Number 690. 
Got Anaerosinus † - Number 691. 
Got Anaerovibrio † - Number 692. 
Got Centipeda † - Number 693. 
Got Dendrosporobacter † - Number 694. 
Got Dialister † - Number 695. 
Got Megasphaera † - Number 696. 
Got Mitsuokella † - Number 697. 
Got Pectinatus † - Number 698. 
Got Phascolarctobacterium † - Number 699. 
Got Propionispira † - Number 700. 
Got Propionispora † - Number 701. 
Got Quinella † - Number 702. 
Got Schwartzia † - Number 703. 
Got Selenomonas † - Number 704. 
Got Sporomusa † - Number 705. 
Got Succiniclasticum † - Number 706. 
Got Succinispira † - Number 707. 
Got Thermosinus † - Number 708. 
Got Veillonella † - Number 709. 
Got Zymophilus † - Number 710. 
Got Anaerococcus† - Number 711. 
Got Finegoldia † - Number 712. 
Got Gallicola † - Number 713. 
Got Helcococcus † - Number 714. 
Got Parvimonas † - Number 715. 
Got Peptoniphilus † - Number 716. 
Got Sedimentibacter † - Number 717. 
Got Soehngenia † - Number 718. 
Got Sporanaerobacter † - Number 719. 
Got Tissierella † - Number 720. 
Got Acidaminobacter † - Number 721. 
Got Fusibacter † - Number 722. 
Got Guggenheimella † - Number 723. 
Got Anaerovorax † - Number 724. 
Got Mogibacterium † - Number 725. 
Got Anaerobranca † - Number 726. 
Got Carboxydocella † - Number 727. 
Got Sulfobacillus † - Number 728. 
Got Thermaerobacter † - Number 729. 
Got Symbiobacterium † - Number 730. 
Got Acetoanaerobium † - Number 731. 
Got Halanaerobium † - Number 732. 
Got Halocella † - Number 733. 
Got Halothermothrix † - Number 734. 
Got Acetohalobium † - Number 735. 
Got Halanaerobacter † - Number 736. 
Got Halobacteroides † - Number 737. 
Got Halonatronum † - Number 738. 
Got Natroniella † - Number 739. 
Got Orenia † - Number 740. 
Got Selenihalanaerobacter † - Number 741. 
Got Sporohalobacter † - Number 742. 
Got Ammonifex † - Number 743. 
Got Caldanaerobacter † - Number 744. 
Got Carboxydothermus † - Number 745. 
Got Gelria † - Number 746. 
Got Moorella † - Number 747. 
Got Thermacetogenium † - Number 748. 
Got Thermanaeromonas † - Number 749. 
Got Thermoanaerobacter † - Number 750. 
Got Coprothermobacter † - Number 751. 
Got Thermodesulfobium † - Number 752. 
Got Caldicellulosiruptor † - Number 753. 
Got Thermoanaerobacterium † - Number 754. 
Got Thermosediminibacter † - Number 755. 
Got Thermovenabulum † - Number 756. 
Got Mahella † - Number 757. 
Got Allobaculum † - Number 758. 
Got Bulleidia † - Number 759. 
Got Catenibacterium † - Number 760. 
Got Coprobacillus † - Number 761. 
Got Erysipelothrix † - Number 762. 
Got Holdemania † - Number 763. 
Got Solobacterium † - Number 764. 
Got Turicibacter † - Number 765. 
Got Cetobacterium † - Number 766. 
Got Fusobacterium † - Number 767. 
Got Ilyobacter † - Number 768. 
Got Propionigenium † - Number 769. 
Got Leptotrichia † - Number 770. 
Got Sebaldella † - Number 771. 
Got Sneathia † - Number 772. 
Got Streptobacillus † - Number 773. 
Got Gemmatimonas † - Number 774. 
Got Lentisphaera † - Number 775. 
Got Victivallis † - Number 776. 
Got Candidatus Magnetobacterium † - Number 777. 
Got Leptospirillum † - Number 778. 
Got Nitrospira † - Number 779. 
Got Thermodesulfovibrio † - Number 780. 
Got Blastopirellula † - Number 781. 
Got Gemmata † - Number 782. 
Got Isosphaera † - Number 783. 
Got Pirellula † - Number 784. 
Got Planctomyces † - Number 785. 
Got Rhodopirellula † - Number 786. 
Got Schlesneria † - Number 787. 
Got Singulisphaera † - Number 788. 
Got Asticcacaulis † - Number 789. 
Got Brevundimonas † - Number 790. 
Got Caulobacter † - Number 791. 
Got Phenylobacterium † - Number 792. 
Got Bartonella † - Number 793. 
Got Beijerinckia† - Number 794. 
Got Chelatococcus † - Number 795. 
Got Methylocella † - Number 796. 
Got Afipia † - Number 797. 
Got Agromonas † - Number 798. 
Got Blastobacter † - Number 799. 
Got Bosea † - Number 800. 
Got Bradyrhizobium † - Number 801. 
Got Nitrobacter † - Number 802. 
Got Oligotropha † - Number 803. 
Got Rhodoblastus † - Number 804. 
Got Rhodopseudomonas † - Number 805. 
Got Brucella † - Number 806. 
Got Mycoplana † - Number 807. 
Got Ochrobactrum † - Number 808. 
Got Ancalomicrobium † - Number 809. 
Got Ancylobacter † - Number 810. 
Got Angulomicrobium † - Number 811. 
Got Aquabacter † - Number 812. 
Got Azorhizobium † - Number 813. 
Got Blastochloris † - Number 814. 
Got Devosia † - Number 815. 
Got Dichotomicrobium † - Number 816. 
Got Filomicrobium † - Number 817. 
Got Gemmiger † - Number 818. 
Got Hyphomicrobium † - Number 819. 
Got Labrys † - Number 820. 
Got Methylorhabdus † - Number 821. 
Got Pedomicrobium † - Number 822. 
Got Prosthecomicrobium † - Number 823. 
Got Rhodomicrobium † - Number 824. 
Got Rhodoplanes † - Number 825. 
Got Seliberia † - Number 826. 
Got Starkeya † - Number 827. 
Got Xanthobacter † - Number 828. 
Got Methylobacterium † - Number 829. 
Got Albibacter † - Number 830. 
Got Methylocystis † - Number 831. 
Got Methylosinus † - Number 832. 
Got Incertae Sedis IV. Methylopila † - Number 833. 
Got Aminobacter † - Number 834. 
Got Aquamicrobium † - Number 835. 
Got Defluvibacter † - Number 836. 
Got Liberibacter † - Number 837. 
Got Mesorhizobium † - Number 838. 
Got Phyllobacterium † - Number 839. 
Got Pseudaminobacter † - Number 840. 
Got Agrobacterium † - Number 841. 
Got Allorhizobium † - Number 842. 
Got Carbophilus † - Number 843. 
Got Chelatobacter † - Number 844. 
Got Ensifer † - Number 845. 
Got Rhizobium † - Number 846. 
Got Sinorhizobium † - Number 847. 
Got Rhodobium † - Number 848. 
Got Ahrensia † - Number 849. 
Got Amaricoccus † - Number 850. 
Got Antarctobacter † - Number 851. 
Got Gemmobacter † - Number 852. 
Got Hirschia † - Number 853. 
Got Hyphomonas † - Number 854. 
Got Ketogulonicigenium † - Number 855. 
Got Maricaulis † - Number 856. 
Got Methylarcula † - Number 857. 
Got Octadecabacter † - Number 858. 
Got Paracoccus † - Number 859. 
Got Rhodobaca † - Number 860. 
Got Rhodobacter † - Number 861. 
Got Rhodovulum † - Number 862. 
Got Roseibium † - Number 863. 
Got Roseinatronobacter † - Number 864. 
Got Roseivivax † - Number 865. 
Got Roseobacter † - Number 866. 
Got Roseovarius † - Number 867. 
Got Rubrimonas † - Number 868. 
Got Ruegeria † - Number 869. 
Got Sagittula † - Number 870. 
Got Staleya † - Number 871. 
Got Stappia † - Number 872. 
Got Sulfitobacter † - Number 873. 
Got Incertae Sedis XXVI. Rhodothalassium † - Number 874. 
Got Acetobacter † - Number 875. 
Got Acidiphilium † - Number 876. 
Got Acidisphaera † - Number 877. 
Got Acidocella † - Number 878. 
Got Acidomonas † - Number 879. 
Got Asaia † - Number 880. 
Got Craurococcus † - Number 881. 
Got Gluconacetobacter † - Number 882. 
Got Gluconobacter † - Number 883. 
Got Paracraurococcus † - Number 884. 
Got Rhodopila † - Number 885. 
Got Roseococcus † - Number 886. 
Got Roseomonas † - Number 887. 
Got Stella † - Number 888. 
Got Zavarzinia † - Number 889. 
Got Azospirillum † - Number 890. 
Got Levispirillum † - Number 891. 
Got Magnetospirillum † - Number 892. 
Got Phaeospirillum † - Number 893. 
Got Rhodocista † - Number 894. 
Got Rhodospira † - Number 895. 
Got Rhodospirillum † - Number 896. 
Got Rhodovibrio † - Number 897. 
Got Roseospira † - Number 898. 
Got Roseospirillum † - Number 899. 
Got Skermanella † - Number 900. 
Got Incertae Sedis XII. “Sporospirillum” † - Number 901. 
Got Anaplasma † - Number 902. 
Got Ehrlichia † - Number 903. 
Got Neorickettsia † - Number 904. 
Got Wolbachia † - Number 905. 
Got Incertae Sedis V. Aegyptianella † - Number 906. 
Got Holospora † - Number 907. 
Got Incertae Sedis II Caedibacter † - Number 908. 
Got Incertae Sedis III. Lyticum † - Number 909. 
Got Incertae Sedis IV. Odyssella † - Number 910. 
Got Incertae Sedis VI. Pseudocaedibacter † - Number 911. 
Got Incertae Sedis VII.“Pseudolyticum” † - Number 912. 
Got Incertae Sedis VIII. Tectibacter † - Number 913. 
Got Orientia † - Number 914. 
Got Rickettsia † - Number 915. 
Got Blastomonas † - Number 916. 
Got Erythrobacter † - Number 917. 
Got Erythromicrobium † - Number 918. 
Got Erythromonas † - Number 919. 
Got Porphyrobacter † - Number 920. 
Got Sandaracinobacter † - Number 921. 
Got Sphingomonas † - Number 922. 
Got Zymomonas † - Number 923. 
Got Achromobacter † - Number 924. 
Got Alcaligenes † - Number 925. 
Got Bordetella † - Number 926. 
Got Derxia † - Number 927. 
Got Oligella † - Number 928. 
Got Pelistega † - Number 929. 
Got Pigmentiphaga † - Number 930. 
Got Sutterella † - Number 931. 
Got Taylorella † - Number 932. 
Got Burkholderia† - Number 933. 
Got Cupriavidus † - Number 934. 
Got Lautropia † - Number 935. 
Got Pandoraea † - Number 936. 
Got Paucimonas † - Number 937. 
Got Polynucleobacter † - Number 938. 
Got Ralstonia † - Number 939. 
Got Thermothrix † - Number 940. 
Got Acidovorax † - Number 941. 
Got Brachymonas † - Number 942. 
Got Comamonas † - Number 943. 
Got Delftia † - Number 944. 
Got Hydrogenophaga † - Number 945. 
Got Lampropedia † - Number 946. 
Got Macromonas † - Number 947. 
Got Polaromonas † - Number 948. 
Got Rhodoferax † - Number 949. 
Got Variovorax † - Number 950. 
Got Incertae Sedis I. Aquabacterium † - Number 951. 
Got Incertae Sedis II. Ideonella † - Number 952. 
Got Incertae Sedis III. Leptothrix † - Number 953. 
Got Incertae Sedis IV. Roseateles † - Number 954. 
Got Incertae Sedis V. Rubrivivax † - Number 955. 
Got Incertae Sedis VI. Sphaerotilus † - Number 956. 
Got Incertae Sedis VII. Tepidimonas † - Number 957. 
Got Incertae Sedis VIII. Thiomonas † - Number 958. 
Got Incertae Sedis IX. Xylophilus † - Number 959. 
Got Duganella † - Number 960. 
Got Herbaspirillum † - Number 961. 
Got Janthinobacterium † - Number 962. 
Got Massilia † - Number 963. 
Got Oxalobacter † - Number 964. 
Got Telluria † - Number 965. 
Got Hydrogenophilus † - Number 966. 
Got Thiobacillus † - Number 967. 
Got Methylobacillus † - Number 968. 
Got Methylophilus † - Number 969. 
Got Methylovorus † - Number 970. 
Got Alysiella † - Number 971. 
Got Aquaspirillum † - Number 972. 
Got Chromobacterium † - Number 973. 
Got Eikenella † - Number 974. 
Got Formivibrio † - Number 975. 
Got Iodobacter † - Number 976. 
Got Kingella † - Number 977. 
Got Microvirgula † - Number 978. 
Got Neisseria † - Number 979. 
Got Prolinoborus † - Number 980. 
Got Simonsiella † - Number 981. 
Got Vitreoscilla † - Number 982. 
Got Vogesella † - Number 983. 
Got Incertae Sedis XIV. Catenococcus † - Number 984. 
Got Incertae Sedis XV. Morococcus † - Number 985. 
Got Gallionella † - Number 986. 
Got Nitrosolobus † - Number 987. 
Got Nitrosomonas † - Number 988. 
Got Nitrosospira † - Number 989. 
Got Spirillum † - Number 990. 
Got Azoarcus † - Number 991. 
Got Azonexus † - Number 992. 
Got Azospira † - Number 993. 
Got Azovibrio † - Number 994. 
Got Dechloromonas † - Number 995. 
Got Dechlorosoma † - Number 996. 
Got Ferribacterium † - Number 997. 
Got Propionibacter † - Number 998. 
Got Propionivibrio † - Number 999. 
Got Rhodocyclus † - Number 1000. 
Got Thauera † - Number 1001. 
Got Zoogloea † - Number 1002. 
Got Bacteriovorax † - Number 1003. 
Got Bdellovibrio † - Number 1004. 
Got Micavibrio † - Number 1005. 
Got Vampirovibrio † - Number 1006. 
Got Desulfarculus gen. nov. † - Number 1007. 
Got Desulfobacter † - Number 1008. 
Got Desulfobacterium † - Number 1009. 
Got Desulfobacula † - Number 1010. 
Got Desulfobotulus gen. nov. † - Number 1011. 
Got Desulfocella † - Number 1012. 
Got Desulfococcus † - Number 1013. 
Got Desulfofaba † - Number 1014. 
Got Desulfofrigus † - Number 1015. 
Got Desulfonema † - Number 1016. 
Got Desulfosarcina † - Number 1017. 
Got Desulfospira † - Number 1018. 
Got Desulfotignum † - Number 1019. 
Got Desulfobulbus † - Number 1020. 
Got Desulfocapsa † - Number 1021. 
Got Desulfofustis † - Number 1022. 
Got Desulforhopalus † - Number 1023. 
Got Desulfotalea † - Number 1024. 
Got Nitrospina † - Number 1025. 
Got Desulfohalobium † - Number 1026. 
Got Desulfonatronovibrio † - Number 1027. 
Got Desulfothermus gen. nov † - Number 1028. 
Got Desulfomicrobium † - Number 1029. 
Got Desulfonatronum † - Number 1030. 
Got Bilophila † - Number 1031. 
Got Desulfovibrio † - Number 1032. 
Got Lawsonia † - Number 1033. 
Got Desulfurella † - Number 1034. 
Got Hippea † - Number 1035. 
Got Desulfuromonas † - Number 1036. 
Got Desulfuromusa † - Number 1037. 
Got Malonomonas † - Number 1038. 
Got Pelobacter † - Number 1039. 
Got Geobacter † - Number 1040. 
Got Trichlorobacter † - Number 1041. 
Got Archangium † - Number 1042. 
Got Cystobacter † - Number 1043. 
Got Hyalangium gen. nov † - Number 1044. 
Got Melittangium † - Number 1045. 
Got Stigmatella † - Number 1046. 
Got Kofleria gen. nov † - Number 1047. 
Got Chondromyces † - Number 1048. 
Got Corallococcus gen. nov † - Number 1049. 
Got Myxococcus † - Number 1050. 
Got Pyxicoccus gen. nov. † - Number 1051. 
Got Nannocystis † - Number 1052. 
Got Byssophaga gen. nov † - Number 1053. 
Got Haploangium † - Number 1054. 
Got Jahnia gen. nov † - Number 1055. 
Got Polyangium † - Number 1056. 
Got Sorangium † - Number 1057. 
Got Desulfobacca † - Number 1058. 
Got Desulfomonile † - Number 1059. 
Got Smithella † - Number 1060. 
Got Syntrophus † - Number 1061. 
Got Desulfacinum † - Number 1062. 
Got Desulforhabdus † - Number 1063. 
Got Desulfovirga † - Number 1064. 
Got Syntrophobacter † - Number 1065. 
Got Thermodesulforhabdus † - Number 1066. 
Got Arcobacter † - Number 1067. 
Got Campylobacter † - Number 1068. 
Got Sulfurospirillum † - Number 1069. 
Got Helicobacter † - Number 1070. 
Got Thiovulum † - Number 1071. 
Got Wolinella † - Number 1072. 
Got Photobacterium † - Number 1073. 
Got Salinivibrio † - Number 1074. 
Got Vibrio † - Number 1075. 
Got Acidithiobacillus † - Number 1076. 
Got Thermithiobacillus † - Number 1077. 
Got Aeromonas † - Number 1078. 
Got Oceanimonas † - Number 1079. 
Got Incertae Sedis Tolumonas † - Number 1080. 
Got Anaerobiospirillum † - Number 1081. 
Got Ruminobacter † - Number 1082. 
Got Succinimonas † - Number 1083. 
Got Succinivibrio † - Number 1084. 
Got Alishewanella † - Number 1085. 
Got Alteromonas † - Number 1086. 
Got Colwellia † - Number 1087. 
Got Ferrimonas † - Number 1088. 
Got Glaciecola † - Number 1089. 
Got Idiomarina † - Number 1090. 
Got Marinobacter † - Number 1091. 
Got Marinobacterium † - Number 1092. 
Got Microbulbifer † - Number 1093. 
Got Moritella † - Number 1094. 
Got Pseudoalteromonas † - Number 1095. 
Got Psychromonas † - Number 1096. 
Got Shewanella † - Number 1097. 
Got Cardiobacterium † - Number 1098. 
Got Dichelobacter † - Number 1099. 
Got Suttonella † - Number 1100. 
Got Allochromatium † - Number 1101. 
Got Chromatium † - Number 1102. 
Got Halochromatium † - Number 1103. 
Got Isochromatium † - Number 1104. 
Got Lamprobacter † - Number 1105. 
Got Lamprocystis † - Number 1106. 
Got Marichromatium † - Number 1107. 
Got Nitrosococcus † - Number 1108. 
Got Pfennigia † - Number 1109. 
Got Rhabdochromatium † - Number 1110. 
Got Thermochromatium † - Number 1111. 
Got Thioalkalicoccus † - Number 1112. 
Got Thiocapsa † - Number 1113. 
Got Thiococcus † - Number 1114. 
Got Thiocystis † - Number 1115. 
Got Thiodictyon † - Number 1116. 
Got Thioflavicoccus † - Number 1117. 
Got Thiohalocapsa † - Number 1118. 
Got Thiolamprovum † - Number 1119. 
Got Thiopedia † - Number 1120. 
Got Thiorhodococcus † - Number 1121. 
Got Thiorhodovibrio † - Number 1122. 
Got Thiospirillum † - Number 1123. 
Got Arhodomonas † - Number 1124. 
Got Ectothiorhodospira † - Number 1125. 
Got Halorhodospira † - Number 1126. 
Got Nitrococcus † - Number 1127. 
Got Thioalkalivibrio † - Number 1128. 
Got Thiorhodospira † - Number 1129. 
Got Halothiobacillus † - Number 1130. 
Got Alterococcus † - Number 1131. 
Got Arsenophonus † - Number 1132. 
Got Brenneria † - Number 1133. 
Got Buchnera † - Number 1134. 
Got Budvicia † - Number 1135. 
Got Buttiauxella † - Number 1136. 
Got Calymmatobacterium † - Number 1137. 
Got Candidatus Phlomobacter † - Number 1138. 
Got Cedecea † - Number 1139. 
Got Citrobacter † - Number 1140. 
Got Edwardsiella † - Number 1141. 
Got Enterobacter † - Number 1142. 
Got Erwinia † - Number 1143. 
Got Escherichia † - Number 1144. 
Got Ewingella † - Number 1145. 
Got Hafnia † - Number 1146. 
Got Klebsiella † - Number 1147. 
Got Kluyvera † - Number 1148. 
Got Leclercia † - Number 1149. 
Got Leminorella † - Number 1150. 
Got Moellerella † - Number 1151. 
Got Morganella † - Number 1152. 
Got Obesumbacterium † - Number 1153. 
Got Pantoea † - Number 1154. 
Got Pectobacterium † - Number 1155. 
Got Photorhabdus † - Number 1156. 
Got Plesiomonas † - Number 1157. 
Got Pragia † - Number 1158. 
Got Proteus † - Number 1159. 
Got Providencia † - Number 1160. 
Got Rahnella † - Number 1161. 
Got Saccharobacter † - Number 1162. 
Got Salmonella † - Number 1163. 
Got Serratia † - Number 1164. 
Got Shigella † - Number 1165. 
Got Sodalis † - Number 1166. 
Got Tatumella † - Number 1167. 
Got Trabulsiella † - Number 1168. 
Got Wigglesworthia † - Number 1169. 
Got Xenorhabdus † - Number 1170. 
Got Yersinia † - Number 1171. 
Got Yokenella † - Number 1172. 
Got Coxiella † - Number 1173. 
Got Rickettsiella † - Number 1174. 
Got Legionella † - Number 1175. 
Got Methylobacter † - Number 1176. 
Got Methylocaldum † - Number 1177. 
Got Methylococcus † - Number 1178. 
Got Methylomicrobium † - Number 1179. 
Got Methylomonas † - Number 1180. 
Got Methylosarcina† - Number 1181. 
Got Methylosphaera † - Number 1182. 
Got Alcanivorax † - Number 1183. 
Got Hahella † - Number 1184. 
Got Carnimonas † - Number 1185. 
Got Chromohalobacter † - Number 1186. 
Got Halomonas † - Number 1187. 
Got Zymobacter † - Number 1188. 
Got Balneatrix † - Number 1189. 
Got Marinomonas † - Number 1190. 
Got Marinospirillum † - Number 1191. 
Got Neptunomonas † - Number 1192. 
Got Oceanospirillum † - Number 1193. 
Got Actinobacillus † - Number 1194. 
Got Haemophilus † - Number 1195. 
Got Lonepinella † - Number 1196. 
Got Mannheimia † - Number 1197. 
Got Pasteurella † - Number 1198. 
Got Phocoenobacter † - Number 1199. 
Got Acinetobacter † - Number 1200. 
Got Moraxella † - Number 1201. 
Got Psychrobacter † - Number 1202. 
Got Azomonas † - Number 1203. 
Got Azotobacter † - Number 1204. 
Got Cellvibrio † - Number 1205. 
Got Mesophilobacter † - Number 1206. 
Got Pseudomonas † - Number 1207. 
Got Rhizobacter † - Number 1209. 
Got Rugamonas † - Number 1210. 
Got Serpens † - Number 1211. 
Got Enhydrobacter † - Number 1212. 
Got Francisella † - Number 1213. 
Got Cycloclasticus † - Number 1214. 
Got Hydrogenovibrio † - Number 1215. 
Got Methylophaga † - Number 1216. 
Got Piscirickettsia † - Number 1217. 
Got Thioalkalimicrobium † - Number 1218. 
Got Thiomicrospira † - Number 1219. 
Got Achromatium † - Number 1220. 
Got Beggiatoa † - Number 1221. 
Got Leucothrix † - Number 1222. 
Got Thiobacterium † - Number 1223. 
Got Thiomargarita † - Number 1224. 
Got Thioploca † - Number 1225. 
Got Thiospira † - Number 1226. 
Got Thiothrix † - Number 1227. 
Got Frateuria † - Number 1228. 
Got Luteimonas † - Number 1229. 
Got Lysobacter † - Number 1230. 
Got Nevskia † - Number 1231. 
Got Pseudoxanthomonas † - Number 1232. 
Got Rhodanobacter † - Number 1233. 
Got Schineria † - Number 1234. 
Got Stenotrophomonas † - Number 1235. 
Got Thermomonas † - Number 1236. 
Got Xanthomonas † - Number 1237. 
Got Xylella † - Number 1238. 
Got Brachyspira † - Number 1239. 
Got Brevinema † - Number 1240. 
Got Leptonema † - Number 1241. 
Got Leptospira † - Number 1242. 
Got Turneriella † - Number 1243. 
Got Borrelia † - Number 1244. 
Got Cristispira † - Number 1245. 
Got Spirochaeta † - Number 1246. 
Got Treponema † - Number 1247. 
Got Synergistes † - Number 1248. 
Got Aminomonas † - Number 1249. 
Got Thermanaerovibrio † - Number 1250. 
Got Aminobacterium † - Number 1251. 
Got Anaerobaculum † - Number 1252. 
Got Dethiosulfovibrio † - Number 1253. 
Got Acholeplasma † - Number 1254. 
Got Anaeroplasma † - Number 1255. 
Got Asteroleplasma † - Number 1256. 
Got “Candidatus Phytoplasma”† - Number 1257. 
Got Entomoplasma † - Number 1258. 
Got Mesoplasma † - Number 1259. 
Got Spiroplasma † - Number 1260. 
Got Mycoplasma † - Number 1261. 
Got Ureaplasma † - Number 1262. 
Got Eperythrozoon † - Number 1263. 
Got Haemobartonella † - Number 1264. 
Got Thermodesulfobacterium † - Number 1265. 
Got Thermomicrobium † - Number 1266. 
Got Fervidobacterium † - Number 1267. 
Got Geotoga † - Number 1268. 
Got Petrotoga † - Number 1269. 
Got Thermosipho † - Number 1270. 
Got Thermotoga † - Number 1271. 
Got Alterococcus † - Number 1272. 
Got Opitutus † - Number 1273. 
Got Cerasicoccus † - Number 1274. 
Got Coraliomargarita † - Number 1275. 
Got Pelagicoccus † - Number 1276. 
Got Puniceicoccus † - Number 1277. 
Got “Candidatus Xiphinematobacter”† - Number 1278. 
Got Chthoniobacter † - Number 1279. 
Got Akkermansia † - Number 1280. 
Got Rubritalea † - Number 1281. 
Got Prosthecobacter † - Number 1282. 
Got Verrucomicrobium † - Number 1283. 
Got Candidatus Nitrosocaldus† - Number 1284. 
Got Candidatus Cenarchaeum - Number 1285. 
Got Candidatus Nitrosopumilus† - Number 1286. 
Got Candidatus Nitrosotalea† - Number 1287. 
Got Nitrososphaera† - Number 1288. 
Got Alpinimonas† - Number 1289. 
Got Canibacter† - Number 1290. 
Got Chryseoglobus† - Number 1291. 
Got Compostimonas† - Number 1292. 
Got Conyzicola† - Number 1293. 
Got Diaminobutyricibacter† - Number 1294. 
Got Diaminobutyricimonas† - Number 1295. 
Got Galbitalea† - Number 1296. 
Got Glaciihabitans† - Number 1297. 
Got Gryllotalpicola† - Number 1298. 
Got Homoserinibacter† - Number 1299. 
Got Naasia† - Number 1300. 
Got Pontimonas† - Number 1301. 
Got Rhodoluna† - Number 1302. 
Got Rudaibacter† - Number 1303. 
Got Phytohabitans † - Number 1304. 
Got Phytomonospora † - Number 1305. 
Got Plantactinospora † - Number 1306. 
Got Rhizocola † - Number 1307. 
Got Rugosimonospora † - Number 1308. 
Got Xiangella † - Number 1309. 
Got Caldisphaera† - Number 1310. 
Got Ignisphaera† - Number 1311. 
Got Fervidicoccus† - Number 1312. 
Got Vulcanisaeta† - Number 1313. 
Got Geoglobus† - Number 1314. 
Got Haladaptatus† - Number 1315. 
Got Halapricum † - Number 1316. 
Got Halarchaeum† - Number 1317. 
Got Halobellus † - Number 1318. 
Got Halobiforma† - Number 1319. 
Got Halogranum† - Number 1320. 
Got Halohasta † - Number 1321. 
Got Halolamina † - Number 1322. 
Got Halomarina† - Number 1323. 
Got Halomicroarcula† - Number 1324. 
Got Halomicrobium† - Number 1325. 
Got Halonotius † - Number 1326. 
Got Halopelagius† - Number 1327. 
Got Haloplanus† - Number 1328. 
Got Haloquadratum† - Number 1329. 
Got Halorhabdus† - Number 1330. 
Got Halorubellus† - Number 1331. 
Got Halorussus† - Number 1332. 
Got Halorientalis† - Number 1333. 
Got Halosarcina† - Number 1334. 
Got Halosimplex† - Number 1335. 
Got Natronoarchaeum† - Number 1336. 
Got Natribaculum† - Number 1337. 
Got Natronolimnobius† - Number 1338. 
Got Salarchaeum† - Number 1339. 
Got Salinarchaeum† - Number 1340. 
Got Salinigranum † - Number 1341. 
Got Salinirubrum† - Number 1342. 
Got Methanomassiliicoccus† - Number 1343. 
Got Methanocella † - Number 1344. 
Got Methanolinea † - Number 1345. 
Got Methanoregula † - Number 1346. 
Got Methanosphaerula † - Number 1347. 
Got “Nanoarchaeum”† - Number 1348. 
Got Palaeococcus† - Number 1349. 
Got Acidiplasma† - Number 1350. 
Got Ferroplasma† - Number 1351. 
Got Thermogymnomonas† - Number 1352. 
Got Thermogymnomonas† - Number 1353. 
Got Cellulosilyticum† - Number 1354. 
Got Defluviitalea† - Number 1355. 
Got Lutispora † - Number 1356. 
Got Tepidimicrobium† - Number 1357. 
Got Methylocapsa† - Number 1358. 
Got Methyloferula† - Number 1359. 
Got Methylorosula† - Number 1360. 
Got Methylovirgula† - Number 1361. 
Got Paenochrobactrum† - Number 1362. 
Got Pseudochrobactrum† - Number 1363. 
Got Methylogaea † - Number 1364. 
Got Methylomarinum† - Number 1365. 
Got Methyloglobulus† - Number 1366. 
Got Methyloprofundus† - Number 1367. 
Got Methylosoma† - Number 1368. 
Got Methylovulum† - Number 1369. 
Got Methylohalobius† - Number 1370. 
Got Methylomarinovum† - Number 1371. 
Got Methylothermus† - Number 1372. 
Got Incertae Sedis V. Candidatus Paracaedibacter † - Number 1373. 
    user   system  elapsed 
  66.612    4.305 1411.115 

Number of genera recovered: 1372 

========================================================================= 
Log End Time: 2023-11-09 22:37:20.711903 
Log Elapsed Time: 0 00:23:31 
========================================================================= 
